[2022-05-15T05:00:33.766] [WARN] custom - {
  error: '-2',
  descripcion: 'ruta /favicon.ico metodo GET no implementada'
}
[2022-05-15T05:00:49.725] [WARN] custom - {
  error: '-2',
  descripcion: 'ruta /favicon.ico metodo GET no implementada'
}
[2022-05-15T05:01:05.412] [WARN] custom - {
  error: '-2',
  descripcion: 'ruta /favicon.ico metodo GET no implementada'
}
[2022-05-15T05:02:22.117] [WARN] custom - {
  error: '-2',
  descripcion: 'ruta /favicon.ico metodo GET no implementada'
}
[2022-05-15T05:02:44.138] [WARN] custom - {
  error: '-2',
  descripcion: 'ruta /favicon.ico metodo GET no implementada'
}
[2022-05-15T05:02:49.112] [WARN] custom - {
  error: '-2',
  descripcion: 'ruta /favicon.ico metodo GET no implementada'
}
[2022-05-15T05:06:02.492] [WARN] custom - {
  error: '-2',
  descripcion: 'ruta /favicon.ico metodo GET no implementada'
}
[2022-05-15T05:07:27.382] [WARN] custom - {
  error: '-2',
  descripcion: 'ruta /favicon.ico metodo GET no implementada'
}
[2022-05-15T05:10:04.994] [WARN] custom - {
  error: '-2',
  descripcion: 'ruta /favicon.ico metodo GET no implementada'
}
[2022-05-15T05:10:15.438] [WARN] custom - {
  error: '-2',
  descripcion: 'ruta /favicon.ico metodo GET no implementada'
}
[2022-05-15T05:10:31.515] [WARN] custom - {
  error: '-2',
  descripcion: 'ruta /favicon.ico metodo GET no implementada'
}
[2022-05-15T05:11:57.332] [WARN] custom - {
  error: '-2',
  descripcion: 'ruta /favicon.ico metodo GET no implementada'
}
[2022-05-15T05:29:47.923] [WARN] custom - {
  error: '-2',
  descripcion: 'ruta /favicon.ico metodo GET no implementada'
}
[2022-05-15T05:30:10.467] [WARN] custom - {
  error: '-2',
  descripcion: 'ruta /favicon.ico metodo GET no implementada'
}
[2022-05-15T05:30:29.111] [WARN] custom - {
  error: '-2',
  descripcion: 'ruta /favicon.ico metodo GET no implementada'
}
[2022-05-15T05:30:53.887] [WARN] custom - {
  error: '-2',
  descripcion: 'ruta /favicon.ico metodo GET no implementada'
}
[2022-05-15T05:31:15.704] [WARN] custom - {
  error: '-2',
  descripcion: 'ruta /favicon.ico metodo GET no implementada'
}
[2022-05-15T05:34:31.184] [WARN] custom - {
  error: '-2',
  descripcion: 'ruta /favicon.ico metodo GET no implementada'
}
[2022-05-15T05:34:44.409] [WARN] custom - {
  error: '-2',
  descripcion: 'ruta /favicon.ico metodo GET no implementada'
}
[2022-05-15T05:34:58.780] [WARN] custom - {
  error: '-2',
  descripcion: 'ruta /favicon.ico metodo GET no implementada'
}
[2022-05-15T05:35:12.582] [WARN] custom - {
  error: '-2',
  descripcion: 'ruta /favicon.ico metodo GET no implementada'
}
[2022-05-15T05:35:23.484] [WARN] custom - {
  error: '-2',
  descripcion: 'ruta /favicon.ico metodo GET no implementada'
}
[2022-05-15T05:36:02.999] [WARN] custom - {
  error: '-2',
  descripcion: 'ruta /favicon.ico metodo GET no implementada'
}
[2022-05-15T05:36:33.458] [WARN] custom - {
  error: '-2',
  descripcion: 'ruta /favicon.ico metodo GET no implementada'
}
[2022-05-15T05:36:47.160] [WARN] custom - {
  error: '-2',
  descripcion: 'ruta /favicon.ico metodo GET no implementada'
}
[2022-05-15T05:37:45.284] [WARN] custom - {
  error: '-2',
  descripcion: 'ruta /favicon.ico metodo GET no implementada'
}
[2022-05-15T05:37:48.958] [WARN] custom - {
  error: '-2',
  descripcion: 'ruta /api/carrito/6280bb8b254c1d6248226d24/api/carrito/6280bb8b254c1d6248226d24/pedir metodo GET no implementada'
}
[2022-05-15T05:37:49.181] [WARN] custom - {
  error: '-2',
  descripcion: 'ruta /favicon.ico metodo GET no implementada'
}
[2022-05-15T05:52:33.283] [WARN] custom - {
  error: '-2',
  descripcion: 'ruta /favicon.ico metodo GET no implementada'
}
[2022-05-15T05:52:55.526] [WARN] custom - {
  error: '-2',
  descripcion: 'ruta /favicon.ico metodo GET no implementada'
}
[2022-05-15T05:53:03.477] [WARN] custom - {
  error: '-2',
  descripcion: 'ruta /favicon.ico metodo GET no implementada'
}
[2022-05-15T05:53:13.999] [WARN] custom - {
  error: '-2',
  descripcion: 'ruta /favicon.ico metodo GET no implementada'
}
[2022-05-15T05:53:20.893] [WARN] custom - {
  error: '-2',
  descripcion: 'ruta /api/carrito/6280bb8b254c1d6248226d24/api/carrito/6280bb8b254c1d6248226d24/pedir metodo GET no implementada'
}
[2022-05-15T05:53:21.031] [WARN] custom - {
  error: '-2',
  descripcion: 'ruta /favicon.ico metodo GET no implementada'
}
[2022-05-15T05:53:51.890] [WARN] custom - {
  error: '-2',
  descripcion: 'ruta /favicon.ico metodo GET no implementada'
}
[2022-05-15T05:54:36.278] [WARN] custom - {
  error: '-2',
  descripcion: 'ruta /favicon.ico metodo GET no implementada'
}
[2022-05-15T05:55:36.844] [WARN] custom - {
  error: '-2',
  descripcion: 'ruta /favicon.ico metodo GET no implementada'
}
[2022-05-15T05:56:55.520] [WARN] custom - {
  error: '-2',
  descripcion: 'ruta /favicon.ico metodo GET no implementada'
}
[2022-05-15T05:57:10.462] [WARN] custom - {
  error: '-2',
  descripcion: 'ruta /favicon.ico metodo GET no implementada'
}
[2022-05-15T05:58:43.362] [WARN] custom - {
  error: '-2',
  descripcion: 'ruta /favicon.ico metodo GET no implementada'
}
[2022-05-15T05:59:05.494] [WARN] custom - {
  error: '-2',
  descripcion: 'ruta /favicon.ico metodo GET no implementada'
}
[2022-05-15T05:59:15.071] [WARN] custom - {
  error: '-2',
  descripcion: 'ruta /favicon.ico metodo GET no implementada'
}
[2022-05-15T05:59:26.330] [WARN] custom - {
  error: '-2',
  descripcion: 'ruta /favicon.ico metodo GET no implementada'
}
[2022-05-15T06:04:22.407] [WARN] custom - {
  error: '-2',
  descripcion: 'ruta /favicon.ico metodo GET no implementada'
}
[2022-05-15T06:06:24.238] [WARN] custom - {
  error: '-2',
  descripcion: 'ruta /favicon.ico metodo GET no implementada'
}
[2022-05-15T06:06:31.157] [WARN] custom - {
  error: '-2',
  descripcion: 'ruta /favicon.ico metodo GET no implementada'
}
[2022-05-15T06:07:29.883] [WARN] custom - {
  error: '-2',
  descripcion: 'ruta /favicon.ico metodo GET no implementada'
}
[2022-05-15T06:07:40.877] [WARN] custom - {
  error: '-2',
  descripcion: 'ruta /favicon.ico metodo GET no implementada'
}
[2022-05-15T06:07:51.602] [WARN] custom - {
  error: '-2',
  descripcion: 'ruta /favicon.ico metodo GET no implementada'
}
[2022-05-15T06:08:07.973] [WARN] custom - {
  error: '-2',
  descripcion: 'ruta /favicon.ico metodo GET no implementada'
}
[2022-05-15T06:12:07.857] [WARN] custom - {
  error: '-2',
  descripcion: 'ruta /favicon.ico metodo GET no implementada'
}
[2022-05-15T06:12:11.879] [WARN] custom - {
  error: '-2',
  descripcion: 'ruta /favicon.ico metodo GET no implementada'
}
[2022-05-15T06:12:27.673] [WARN] custom - {
  error: '-2',
  descripcion: 'ruta /favicon.ico metodo GET no implementada'
}
[2022-05-15T06:12:41.186] [WARN] custom - {
  error: '-2',
  descripcion: 'ruta /favicon.ico metodo GET no implementada'
}
[2022-05-15T06:12:50.362] [WARN] custom - {
  error: '-2',
  descripcion: 'ruta /favicon.ico metodo GET no implementada'
}
[2022-05-15T06:13:02.551] [WARN] custom - {
  error: '-2',
  descripcion: 'ruta /favicon.ico metodo GET no implementada'
}
[2022-05-15T06:16:12.008] [WARN] custom - {
  error: '-2',
  descripcion: 'ruta /favicon.ico metodo GET no implementada'
}
[2022-05-15T06:16:23.502] [WARN] custom - {
  error: '-2',
  descripcion: 'ruta /favicon.ico metodo GET no implementada'
}
[2022-05-15T06:16:33.573] [WARN] custom - {
  error: '-2',
  descripcion: 'ruta /favicon.ico metodo GET no implementada'
}
[2022-05-15T06:16:42.715] [WARN] custom - {
  error: '-2',
  descripcion: 'ruta /favicon.ico metodo GET no implementada'
}
[2022-05-15T06:16:55.628] [WARN] custom - {
  error: '-2',
  descripcion: 'ruta /favicon.ico metodo GET no implementada'
}
[2022-05-15T06:18:30.346] [WARN] custom - {
  error: '-2',
  descripcion: 'ruta /favicon.ico metodo GET no implementada'
}
[2022-05-15T06:18:41.212] [WARN] custom - {
  error: '-2',
  descripcion: 'ruta /favicon.ico metodo GET no implementada'
}
[2022-05-15T06:18:51.228] [WARN] custom - {
  error: '-2',
  descripcion: 'ruta /favicon.ico metodo GET no implementada'
}
[2022-05-15T06:19:06.111] [WARN] custom - {
  error: '-2',
  descripcion: 'ruta /favicon.ico metodo GET no implementada'
}
[2022-05-15T06:19:17.119] [WARN] custom - {
  error: '-2',
  descripcion: 'ruta /favicon.ico metodo GET no implementada'
}
[2022-05-15T06:27:14.488] [WARN] custom - {
  error: '-2',
  descripcion: 'ruta /favicon.ico metodo GET no implementada'
}
[2022-05-15T06:27:25.948] [WARN] custom - {
  error: '-2',
  descripcion: 'ruta /favicon.ico metodo GET no implementada'
}
[2022-05-15T06:27:38.724] [WARN] custom - {
  error: '-2',
  descripcion: 'ruta /favicon.ico metodo GET no implementada'
}
[2022-05-15T06:27:48.871] [WARN] custom - {
  error: '-2',
  descripcion: 'ruta /favicon.ico metodo GET no implementada'
}
[2022-05-15T06:28:00.973] [WARN] custom - {
  error: '-2',
  descripcion: 'ruta /favicon.ico metodo GET no implementada'
}
